app/build/intermediates/manifest_merge_blame_file/debug/manifest-merger-blame-debug-report.txt
1<?xml version="1.0" encoding="utf-8"?>
2<manifest xmlns:android="http://schemas.android.com/apk/res/android"
3    package="com.example.screen_2"
4    android:versionCode="1"
5    android:versionName="1.0" >
6
7    <uses-sdk
8        android:minSdkVersion="26"
9        android:targetSdkVersion="33" />
10
11    <uses-permission android:name="android.permission.ACCESS_FINE_LOCATION" />
11-->src\main\AndroidManifest.xml:5:5-79
11-->src\main\AndroidManifest.xml:5:22-76
12    <uses-permission android:name="android.permission.INTERNET" />
12-->src\main\AndroidManifest.xml:6:5-67
12-->src\main\AndroidManifest.xml:6:22-64
13    <uses-permission android:name="android.permission.ACCESS_NETWORK_STATE" />
13-->src\main\AndroidManifest.xml:7:5-79
13-->src\main\AndroidManifest.xml:7:22-76
14    <uses-permission android:name="android.permission.WRITE_EXTERNAL_STORAGE" />
14-->src\main\AndroidManifest.xml:8:5-81
14-->src\main\AndroidManifest.xml:8:22-78
15    <uses-permission android:name="android.permission.ACCESS_COARSE_LOCATION" />
15-->src\main\AndroidManifest.xml:9:5-81
15-->src\main\AndroidManifest.xml:9:22-78
16
17    <supports-screens
17-->[org.osmdroid:osmdroid-android:6.1.2] AndroidManifest.xml:11:5-14:40
18        android:anyDensity="true"
18-->[org.osmdroid:osmdroid-android:6.1.2] AndroidManifest.xml:12:9-34
19        android:largeScreens="true"
19-->[org.osmdroid:osmdroid-android:6.1.2] AndroidManifest.xml:13:9-36
20        android:normalScreens="true" />
20-->[org.osmdroid:osmdroid-android:6.1.2] AndroidManifest.xml:14:9-37
21
22    <uses-feature
22-->[org.osmdroid:osmdroid-android:6.1.2] AndroidManifest.xml:16:5-18:36
23        android:name="android.hardware.location.network"
23-->[org.osmdroid:osmdroid-android:6.1.2] AndroidManifest.xml:17:9-57
24        android:required="false" />
24-->[org.osmdroid:osmdroid-android:6.1.2] AndroidManifest.xml:18:9-33
25    <uses-feature
25-->[org.osmdroid:osmdroid-android:6.1.2] AndroidManifest.xml:19:5-21:36
26        android:name="android.hardware.location.gps"
26-->[org.osmdroid:osmdroid-android:6.1.2] AndroidManifest.xml:20:9-53
27        android:required="false" />
27-->[org.osmdroid:osmdroid-android:6.1.2] AndroidManifest.xml:21:9-33
28    <uses-feature
28-->[org.osmdroid:osmdroid-android:6.1.2] AndroidManifest.xml:22:5-24:36
29        android:name="android.hardware.telephony"
29-->[org.osmdroid:osmdroid-android:6.1.2] AndroidManifest.xml:23:9-50
30        android:required="false" />
30-->[org.osmdroid:osmdroid-android:6.1.2] AndroidManifest.xml:24:9-33
31    <uses-feature
31-->[org.osmdroid:osmdroid-android:6.1.2] AndroidManifest.xml:25:5-27:36
32        android:name="android.hardware.wifi"
32-->[org.osmdroid:osmdroid-android:6.1.2] AndroidManifest.xml:26:9-45
33        android:required="false" />
33-->[org.osmdroid:osmdroid-android:6.1.2] AndroidManifest.xml:27:9-33
34
35    <permission
35-->[androidx.core:core:1.9.0] AndroidManifest.xml:22:5-24:47
36        android:name="com.example.screen_2.DYNAMIC_RECEIVER_NOT_EXPORTED_PERMISSION"
36-->[androidx.core:core:1.9.0] AndroidManifest.xml:23:9-81
37        android:protectionLevel="signature" />
37-->[androidx.core:core:1.9.0] AndroidManifest.xml:24:9-44
38
39    <uses-permission android:name="com.example.screen_2.DYNAMIC_RECEIVER_NOT_EXPORTED_PERMISSION" />
39-->[androidx.core:core:1.9.0] AndroidManifest.xml:26:5-97
39-->[androidx.core:core:1.9.0] AndroidManifest.xml:26:22-94
40
41    <application
41-->src\main\AndroidManifest.xml:11:5-46:19
42        android:allowBackup="true"
42-->src\main\AndroidManifest.xml:12:9-35
43        android:appComponentFactory="androidx.core.app.CoreComponentFactory"
43-->[androidx.core:core:1.9.0] AndroidManifest.xml:28:18-86
44        android:dataExtractionRules="@xml/data_extraction_rules"
44-->src\main\AndroidManifest.xml:13:9-65
45        android:debuggable="true"
46        android:extractNativeLibs="false"
47        android:fullBackupContent="@xml/backup_rules"
47-->src\main\AndroidManifest.xml:14:9-54
48        android:icon="@mipmap/ic_launcher"
48-->src\main\AndroidManifest.xml:15:9-43
49        android:label="@string/app_name"
49-->src\main\AndroidManifest.xml:16:9-41
50        android:roundIcon="@mipmap/ic_launcher_round"
50-->src\main\AndroidManifest.xml:17:9-54
51        android:supportsRtl="true"
51-->src\main\AndroidManifest.xml:18:9-35
52        android:testOnly="true"
53        android:theme="@style/Theme.Screen_2" >
53-->src\main\AndroidManifest.xml:19:9-46
54        <activity
54-->src\main\AndroidManifest.xml:21:9-23:40
55            android:name="com.example.screen_2.MainActivity"
55-->src\main\AndroidManifest.xml:22:13-41
56            android:exported="false" />
56-->src\main\AndroidManifest.xml:23:13-37
57        <activity
57-->src\main\AndroidManifest.xml:24:9-26:40
58            android:name="com.example.screen_2.SignUpSuccess"
58-->src\main\AndroidManifest.xml:25:13-42
59            android:exported="false" />
59-->src\main\AndroidManifest.xml:26:13-37
60        <activity
60-->src\main\AndroidManifest.xml:27:9-29:40
61            android:name="com.example.screen_2.Home"
61-->src\main\AndroidManifest.xml:28:13-33
62            android:exported="false" />
62-->src\main\AndroidManifest.xml:29:13-37
63        <activity
63-->src\main\AndroidManifest.xml:30:9-32:40
64            android:name="com.example.screen_2.SignUp"
64-->src\main\AndroidManifest.xml:31:13-35
65            android:exported="false" />
65-->src\main\AndroidManifest.xml:32:13-37
66        <activity
66-->src\main\AndroidManifest.xml:33:9-35:40
67            android:name="com.example.screen_2.SignIn"
67-->src\main\AndroidManifest.xml:34:13-35
68            android:exported="false" />
68-->src\main\AndroidManifest.xml:35:13-37
69        <activity
69-->src\main\AndroidManifest.xml:36:9-45:20
70            android:name="com.example.screen_2.Splash.SplashActivity"
70-->src\main\AndroidManifest.xml:37:13-50
71            android:exported="true"
71-->src\main\AndroidManifest.xml:39:13-36
72            android:theme="@style/Theme.Design.NoActionBar" >
72-->src\main\AndroidManifest.xml:38:13-60
73            <intent-filter>
73-->src\main\AndroidManifest.xml:40:13-44:29
74                <action android:name="android.intent.action.MAIN" />
74-->src\main\AndroidManifest.xml:41:17-69
74-->src\main\AndroidManifest.xml:41:25-66
75
76                <category android:name="android.intent.category.LAUNCHER" />
76-->src\main\AndroidManifest.xml:43:17-77
76-->src\main\AndroidManifest.xml:43:27-74
77            </intent-filter>
78        </activity>
79
80        <provider
80-->[androidx.emoji2:emoji2:1.2.0] AndroidManifest.xml:24:9-32:20
81            android:name="androidx.startup.InitializationProvider"
81-->[androidx.emoji2:emoji2:1.2.0] AndroidManifest.xml:25:13-67
82            android:authorities="com.example.screen_2.androidx-startup"
82-->[androidx.emoji2:emoji2:1.2.0] AndroidManifest.xml:26:13-68
83            android:exported="false" >
83-->[androidx.emoji2:emoji2:1.2.0] AndroidManifest.xml:27:13-37
84            <meta-data
84-->[androidx.emoji2:emoji2:1.2.0] AndroidManifest.xml:29:13-31:52
85                android:name="androidx.emoji2.text.EmojiCompatInitializer"
85-->[androidx.emoji2:emoji2:1.2.0] AndroidManifest.xml:30:17-75
86                android:value="androidx.startup" />
86-->[androidx.emoji2:emoji2:1.2.0] AndroidManifest.xml:31:17-49
87            <meta-data
87-->[androidx.lifecycle:lifecycle-process:2.6.1] AndroidManifest.xml:29:13-31:52
88                android:name="androidx.lifecycle.ProcessLifecycleInitializer"
88-->[androidx.lifecycle:lifecycle-process:2.6.1] AndroidManifest.xml:30:17-78
89                android:value="androidx.startup" />
89-->[androidx.lifecycle:lifecycle-process:2.6.1] AndroidManifest.xml:31:17-49
90            <meta-data
90-->[androidx.profileinstaller:profileinstaller:1.3.0] AndroidManifest.xml:29:13-31:52
91                android:name="androidx.profileinstaller.ProfileInstallerInitializer"
91-->[androidx.profileinstaller:profileinstaller:1.3.0] AndroidManifest.xml:30:17-85
92                android:value="androidx.startup" />
92-->[androidx.profileinstaller:profileinstaller:1.3.0] AndroidManifest.xml:31:17-49
93        </provider>
94
95        <receiver
95-->[androidx.profileinstaller:profileinstaller:1.3.0] AndroidManifest.xml:34:9-52:20
96            android:name="androidx.profileinstaller.ProfileInstallReceiver"
96-->[androidx.profileinstaller:profileinstaller:1.3.0] AndroidManifest.xml:35:13-76
97            android:directBootAware="false"
97-->[androidx.profileinstaller:profileinstaller:1.3.0] AndroidManifest.xml:36:13-44
98            android:enabled="true"
98-->[androidx.profileinstaller:profileinstaller:1.3.0] AndroidManifest.xml:37:13-35
99            android:exported="true"
99-->[androidx.profileinstaller:profileinstaller:1.3.0] AndroidManifest.xml:38:13-36
100            android:permission="android.permission.DUMP" >
100-->[androidx.profileinstaller:profileinstaller:1.3.0] AndroidManifest.xml:39:13-57
101            <intent-filter>
101-->[androidx.profileinstaller:profileinstaller:1.3.0] AndroidManifest.xml:40:13-42:29
102                <action android:name="androidx.profileinstaller.action.INSTALL_PROFILE" />
102-->[androidx.profileinstaller:profileinstaller:1.3.0] AndroidManifest.xml:41:17-91
102-->[androidx.profileinstaller:profileinstaller:1.3.0] AndroidManifest.xml:41:25-88
103            </intent-filter>
104            <intent-filter>
104-->[androidx.profileinstaller:profileinstaller:1.3.0] AndroidManifest.xml:43:13-45:29
105                <action android:name="androidx.profileinstaller.action.SKIP_FILE" />
105-->[androidx.profileinstaller:profileinstaller:1.3.0] AndroidManifest.xml:44:17-85
105-->[androidx.profileinstaller:profileinstaller:1.3.0] AndroidManifest.xml:44:25-82
106            </intent-filter>
107            <intent-filter>
107-->[androidx.profileinstaller:profileinstaller:1.3.0] AndroidManifest.xml:46:13-48:29
108                <action android:name="androidx.profileinstaller.action.SAVE_PROFILE" />
108-->[androidx.profileinstaller:profileinstaller:1.3.0] AndroidManifest.xml:47:17-88
108-->[androidx.profileinstaller:profileinstaller:1.3.0] AndroidManifest.xml:47:25-85
109            </intent-filter>
110            <intent-filter>
110-->[androidx.profileinstaller:profileinstaller:1.3.0] AndroidManifest.xml:49:13-51:29
111                <action android:name="androidx.profileinstaller.action.BENCHMARK_OPERATION" />
111-->[androidx.profileinstaller:profileinstaller:1.3.0] AndroidManifest.xml:50:17-95
111-->[androidx.profileinstaller:profileinstaller:1.3.0] AndroidManifest.xml:50:25-92
112            </intent-filter>
113        </receiver>
114    </application>
115
116</manifest>